Running: C:\Xilinx\14.7\ISE_DS\ISE\bin\nt64\unwrapped\fuse.exe -intstyle ise -incremental -o Z:/lab2/mux/mux_schem_mux_schem_sch_tb_isim_beh.exe -prj Z:/lab2/mux/mux_schem_mux_schem_sch_tb_beh.prj work.mux_schem_mux_schem_sch_tb 
ISim P.20131013 (signature 0x7708f090)
Number of CPUs detected in this system: 4
Turning on mult-threading, number of parallel sub-compilation jobs: 8 
Determining compilation order of HDL files
Parsing VHDL file "Z:/lab2/mux/mux_schem.vhf" into library work
Parsing VHDL file "Z:/lab2/mux/mux_tb3.vhd" into library work
Starting static elaboration
Completed static elaboration
Compiling package standard
Compiling package std_logic_1164
Compiling package numeric_std
Compiling package vcomponents
Compiling architecture and2_v of entity AND2 [and2_default]
Compiling architecture inv_v of entity INV [inv_default]
Compiling architecture or4_v of entity OR4 [or4_default]
Compiling architecture behavioral of entity mux_schem [mux_schem_default]
Compiling architecture behavioral of entity mux_schem_mux_schem_sch_tb
Time Resolution for simulation is 1ps.
Compiled 13 VHDL Units
Built simulation executable Z:/lab2/mux/mux_schem_mux_schem_sch_tb_isim_beh.exe
Fuse Memory Usage: 47464 KB
Fuse CPU Usage: 1668 ms
