Running: C:\Xilinx\14.7\ISE_DS\ISE\bin\nt64\unwrapped\fuse.exe -intstyle ise -incremental -o Z:/lab2/lab2/sprinkler_circuit_sprinkler_circuit_sch_tb_isim_beh.exe -prj Z:/lab2/lab2/sprinkler_circuit_sprinkler_circuit_sch_tb_beh.prj work.sprinkler_circuit_sprinkler_circuit_sch_tb 
ISim P.20131013 (signature 0x7708f090)
Number of CPUs detected in this system: 4
Turning on mult-threading, number of parallel sub-compilation jobs: 8 
Determining compilation order of HDL files
Parsing VHDL file "Z:/lab2/lab2/sprinkler_circuit.vhf" into library work
Parsing VHDL file "Z:/lab2/lab2/sprinkler_tb.vhd" into library work
Starting static elaboration
Completed static elaboration
Compiling package standard
Compiling package std_logic_1164
Compiling package numeric_std
Compiling package vcomponents
Compiling architecture inv_v of entity INV [inv_default]
Compiling architecture and4_v of entity AND4 [and4_default]
Compiling architecture behavioral of entity sprinkler_circuit [sprinkler_circuit_default]
Compiling architecture behavioral of entity sprinkler_circuit_sprinkler_circ...
Time Resolution for simulation is 1ps.
Waiting for 1 sub-compilation(s) to finish...
Compiled 11 VHDL Units
Built simulation executable Z:/lab2/lab2/sprinkler_circuit_sprinkler_circuit_sch_tb_isim_beh.exe
Fuse Memory Usage: 47440 KB
Fuse CPU Usage: 1465 ms
