--------------------------------------------------------------------------------
Release 14.7 Trace  (nt64)
Copyright (c) 1995-2013 Xilinx, Inc.  All rights reserved.

C:\Xilinx\14.7\ISE_DS\ISE\bin\nt64\unwrapped\trce.exe -intstyle ise -v 3 -s 5
-n 3 -fastpaths -xml sprinkler_circuit.twx sprinkler_circuit.ncd -o
sprinkler_circuit.twr sprinkler_circuit.pcf -ucf sprinkler_constraints.ucf

Design file:              sprinkler_circuit.ncd
Physical constraint file: sprinkler_circuit.pcf
Device,package,speed:     xc3s100e,cp132,-5 (PRODUCTION 1.27 2013-10-13)
Report level:             verbose report

Environment Variable      Effect 
--------------------      ------ 
NONE                      No environment variables were set
--------------------------------------------------------------------------------

INFO:Timing:2698 - No timing constraints found, doing default enumeration.
INFO:Timing:3412 - To improve timing, see the Timing Closure User Guide (UG612).
INFO:Timing:2752 - To get complete path coverage, use the unconstrained paths 
   option. All paths that are not constrained will be reported in the 
   unconstrained paths section(s) of the report.
INFO:Timing:3339 - The clock-to-out numbers in this timing report are based on 
   a 50 Ohm transmission line loading model.  For the details of this model, 
   and for more information on accounting for different loading conditions, 
   please see the device datasheet.
INFO:Timing:3390 - This architecture does not support a default System Jitter 
   value, please add SYSTEM_JITTER constraint to the UCF to modify the Clock 
   Uncertainty calculation.
INFO:Timing:3389 - This architecture does not support 'Discrete Jitter' and 
   'Phase Error' calculations, these terms will be zero in the Clock 
   Uncertainty calculation.  Please make appropriate modification to 
   SYSTEM_JITTER to account for the unsupported Discrete Jitter and Phase 
   Error.



Data Sheet report:
-----------------
All values displayed in nanoseconds (ns)

Pad to Pad
---------------+---------------+---------+
Source Pad     |Destination Pad|  Delay  |
---------------+---------------+---------+
A              |d0             |    6.887|
A              |d1             |    6.463|
A              |d2             |    6.600|
A              |d3             |    6.752|
A              |d4             |    6.742|
A              |d5             |    6.866|
A              |d6             |    6.675|
A              |d7             |    7.024|
B              |d0             |    7.357|
B              |d1             |    7.382|
B              |d2             |    7.521|
B              |d3             |    7.762|
B              |d4             |    8.138|
B              |d5             |    7.737|
B              |d6             |    7.600|
B              |d7             |    7.535|
C              |d0             |    7.218|
C              |d1             |    7.644|
C              |d2             |    7.077|
C              |d3             |    7.429|
C              |d4             |    7.693|
C              |d5             |    7.320|
C              |d6             |    7.912|
C              |d7             |    7.036|
E              |d0             |    6.898|
E              |d1             |    7.490|
E              |d2             |    6.902|
E              |d3             |    7.576|
E              |d4             |    7.660|
E              |d5             |    7.112|
E              |d6             |    7.735|
E              |d7             |    7.246|
---------------+---------------+---------+


Analysis completed Wed Jan 21 09:32:40 2015 
--------------------------------------------------------------------------------

Trace Settings:
-------------------------
Trace Settings 

Peak Memory Usage: 147 MB



